Executing action: all (aliases: build)
Running ninja in directory /home/syoch093194/Documents/PlatformIO/Projects/NW-W/build
Executing "ninja all"...
[1/14] Performing build step for 'bootloader'
[1/1] cd /home/syoch093194/Documents/PlatformIO/Projects/NW-W/build/bootloader/esp-idf/esptool_py && /home/syoch093194/.espressif/python_env/idf5.0_py3.11_env/bin/python /home/syoch093194/.platformio/packages/framework-espidf/components/partition_table/check_sizes.py --offset 0x8000 bootloader 0x1000 /home/syoch093194/Documents/PlatformIO/Projects/NW-W/build/bootloader/bootloader.bin
Bootloader binary size 0x6700 bytes. 0x900 bytes (8%) free.
[2/14] No install step for 'bootloader'
[3/14] Completed 'bootloader'
[4/14] Building CXX object esp-idf/main/CMakeFiles/__idf_main.dir/src/init/init_serial.cpp.obj
FAILED: esp-idf/main/CMakeFiles/__idf_main.dir/src/init/init_serial.cpp.obj 
/home/syoch093194/.espressif/tools/xtensa-esp32-elf/esp-2022r1-11.2.0/xtensa-esp32-elf/bin/xtensa-esp32-elf-g++ -DSOC_MMU_PAGE_SIZE=CONFIG_MMU_PAGE_SIZE -I/home/syoch093194/Documents/PlatformIO/Projects/NW-W/build/config -I/home/syoch093194/Documents/PlatformIO/Projects/NW-W/main/include -I/home/syoch093194/.platformio/packages/framework-espidf/components/newlib/platform_include -I/home/syoch093194/.platformio/packages/framework-espidf/components/freertos/FreeRTOS-Kernel/include -I/home/syoch093194/.platformio/packages/framework-espidf/components/freertos/esp_additions/include/freertos -I/home/syoch093194/.platformio/packages/framework-espidf/components/freertos/FreeRTOS-Kernel/portable/xtensa/include -I/home/syoch093194/.platformio/packages/framework-espidf/components/freertos/esp_additions/include -I/home/syoch093194/.platformio/packages/framework-espidf/components/esp_hw_support/include -I/home/syoch093194/.platformio/packages/framework-espidf/components/esp_hw_support/include/soc -I/home/syoch093194/.platformio/packages/framework-espidf/components/esp_hw_support/include/soc/esp32 -I/home/syoch093194/.platformio/packages/framework-espidf/components/esp_hw_support/port/esp32/. -I/home/syoch093194/.platformio/packages/framework-espidf/components/esp_hw_support/port/esp32/private_include -I/home/syoch093194/.platformio/packages/framework-espidf/components/heap/include -I/home/syoch093194/.platformio/packages/framework-espidf/components/log/include -I/home/syoch093194/.platformio/packages/framework-espidf/components/soc/include -I/home/syoch093194/.platformio/packages/framework-espidf/components/soc/esp32/. -I/home/syoch093194/.platformio/packages/framework-espidf/components/soc/esp32/include -I/home/syoch093194/.platformio/packages/framework-espidf/components/hal/esp32/include -I/home/syoch093194/.platformio/packages/framework-espidf/components/hal/include -I/home/syoch093194/.platformio/packages/framework-espidf/components/hal/platform_port/include -I/home/syoch093194/.platformio/packages/framework-espidf/components/esp_rom/include -I/home/syoch093194/.platformio/packages/framework-espidf/components/esp_rom/include/esp32 -I/home/syoch093194/.platformio/packages/framework-espidf/components/esp_rom/esp32 -I/home/syoch093194/.platformio/packages/framework-espidf/components/esp_common/include -I/home/syoch093194/.platformio/packages/framework-espidf/components/esp_system/include -I/home/syoch093194/.platformio/packages/framework-espidf/components/esp_system/port/soc -I/home/syoch093194/.platformio/packages/framework-espidf/components/esp_system/port/include/private -I/home/syoch093194/.platformio/packages/framework-espidf/components/xtensa/include -I/home/syoch093194/.platformio/packages/framework-espidf/components/xtensa/esp32/include -I/home/syoch093194/.platformio/packages/framework-espidf/components/lwip/include -I/home/syoch093194/.platformio/packages/framework-espidf/components/lwip/include/apps -I/home/syoch093194/.platformio/packages/framework-espidf/components/lwip/include/apps/sntp -I/home/syoch093194/.platformio/packages/framework-espidf/components/lwip/lwip/src/include -I/home/syoch093194/.platformio/packages/framework-espidf/components/lwip/port/esp32/include -I/home/syoch093194/.platformio/packages/framework-espidf/components/lwip/port/esp32/include/arch -I/home/syoch093194/Documents/PlatformIO/Projects/NW-W/components/mdns/include -I/home/syoch093194/.platformio/packages/framework-espidf/components/console -I/home/syoch093194/.platformio/packages/framework-espidf/components/vfs/include -I/home/syoch093194/.platformio/packages/framework-espidf/components/esp_netif/include -I/home/syoch093194/.platformio/packages/framework-espidf/components/esp_event/include -I/home/syoch093194/.platformio/packages/framework-espidf/components/esp_wifi/include -I/home/syoch093194/.platformio/packages/framework-espidf/components/esp_phy/include -I/home/syoch093194/.platformio/packages/framework-espidf/components/esp_phy/esp32/include -I/home/syoch093194/.platformio/packages/framework-espidf/components/driver/include -I/home/syoch093194/.platformio/packages/framework-espidf/components/driver/deprecated -I/home/syoch093194/.platformio/packages/framework-espidf/components/driver/esp32/include -I/home/syoch093194/.platformio/packages/framework-espidf/components/esp_pm/include -I/home/syoch093194/.platformio/packages/framework-espidf/components/esp_ringbuf/include -I/home/syoch093194/.platformio/packages/framework-espidf/components/nvs_flash/include -I/home/syoch093194/.platformio/packages/framework-espidf/components/esp_partition/include -I/home/syoch093194/Documents/PlatformIO/Projects/NW-W/components/result/include -mlongcalls -Wno-frame-address  -fdiagnostics-color=always -ffunction-sections -fdata-sections -Wall -Werror=all -Wno-error=unused-function -Wno-error=unused-variable -Wno-error=deprecated-declarations -Wextra -Wno-unused-parameter -Wno-sign-compare -Wno-enum-conversion -gdwarf-4 -ggdb -Og -fmacro-prefix-map=/home/syoch093194/Documents/PlatformIO/Projects/NW-W=. -fmacro-prefix-map=/home/syoch093194/.platformio/packages/framework-espidf=/IDF -fstrict-volatile-bitfields -Wno-error=unused-but-set-variable -fno-jump-tables -fno-tree-switch-conversion -DconfigENABLE_FREERTOS_DEBUG_OCDAWARE=1 -std=gnu++20 -fno-exceptions -fno-rtti -D_GNU_SOURCE -DIDF_VER=\"5.0.2\" -DESP_PLATFORM -D_POSIX_READER_WRITER_LOCKS -MD -MT esp-idf/main/CMakeFiles/__idf_main.dir/src/init/init_serial.cpp.obj -MF esp-idf/main/CMakeFiles/__idf_main.dir/src/init/init_serial.cpp.obj.d -o esp-idf/main/CMakeFiles/__idf_main.dir/src/init/init_serial.cpp.obj -c /home/syoch093194/Documents/PlatformIO/Projects/NW-W/main/src/init/init_serial.cpp
In file included from /home/syoch093194/Documents/PlatformIO/Projects/NW-W/main/src/init/init_serial.cpp:3:
/home/syoch093194/Documents/PlatformIO/Projects/NW-W/main/src/init/../config.hpp: In static member function 'static config::Config* config::Config::GetInstance()':
/home/syoch093194/Documents/PlatformIO/Projects/NW-W/main/src/init/../config.hpp:138:29: error: use of deleted function 'config::Config::Config()'
  138 |       instance = new Config();
      |                             ^
/home/syoch093194/Documents/PlatformIO/Projects/NW-W/main/src/init/../config.hpp:97:7: note: 'config::Config::Config()' is implicitly deleted because the default definition would be ill-formed:
   97 | class Config {
      |       ^~~~~~
/home/syoch093194/Documents/PlatformIO/Projects/NW-W/main/src/init/../config.hpp:97:7: error: use of deleted function 'config::NetworkProfile::NetworkProfile()'
/home/syoch093194/Documents/PlatformIO/Projects/NW-W/main/src/init/../config.hpp:41:7: note: 'config::NetworkProfile::NetworkProfile()' is implicitly deleted because the default definition would be ill-formed:
   41 | class NetworkProfile {
      |       ^~~~~~~~~~~~~~
/home/syoch093194/Documents/PlatformIO/Projects/NW-W/main/src/init/../config.hpp:41:7: error: use of deleted function 'nvs::Proxy<char [20]>::Proxy()'
In file included from /home/syoch093194/Documents/PlatformIO/Projects/NW-W/main/src/init/../config.hpp:11,
                 from /home/syoch093194/Documents/PlatformIO/Projects/NW-W/main/src/init/init_serial.cpp:3:
/home/syoch093194/Documents/PlatformIO/Projects/NW-W/main/src/init/../libs/nvs_proxy.hpp:96:7: note: 'nvs::Proxy<char [20]>::Proxy()' is implicitly deleted because the default definition would be ill-formed:
   96 | class Proxy<char[N]> : public _Proxy {
      |       ^~~~~~~~~~~~~~
/home/syoch093194/Documents/PlatformIO/Projects/NW-W/main/src/init/../libs/nvs_proxy.hpp:96:7: error: no matching function for call to 'nvs::_Proxy::_Proxy()'
/home/syoch093194/Documents/PlatformIO/Projects/NW-W/main/src/init/../libs/nvs_proxy.hpp:36:3: note: candidate: 'nvs::_Proxy::_Proxy(nvs::Namespace&, const char*)'
   36 |   _Proxy(nvs::Namespace& ns_handle, const char* key)
      |   ^~~~~~
/home/syoch093194/Documents/PlatformIO/Projects/NW-W/main/src/init/../libs/nvs_proxy.hpp:36:3: note:   candidate expects 2 arguments, 0 provided
/home/syoch093194/Documents/PlatformIO/Projects/NW-W/main/src/init/../libs/nvs_proxy.hpp:29:7: note: candidate: 'nvs::_Proxy::_Proxy(const nvs::_Proxy&)'
   29 | class _Proxy {
      |       ^~~~~~
/home/syoch093194/Documents/PlatformIO/Projects/NW-W/main/src/init/../libs/nvs_proxy.hpp:29:7: note:   candidate expects 1 argument, 0 provided
In file included from /home/syoch093194/Documents/PlatformIO/Projects/NW-W/main/src/init/init_serial.cpp:3:
/home/syoch093194/Documents/PlatformIO/Projects/NW-W/main/src/init/../config.hpp:41:7: error: use of deleted function 'nvs::Proxy<char [20]>::Proxy()'
   41 | class NetworkProfile {
      |       ^~~~~~~~~~~~~~
/home/syoch093194/Documents/PlatformIO/Projects/NW-W/main/src/init/../config.hpp:41:7: error: use of deleted function 'nvs::Proxy<char [20]>::Proxy()'
/home/syoch093194/Documents/PlatformIO/Projects/NW-W/main/src/init/../config.hpp:41:7: error: use of deleted function 'nvs::Proxy<char [20]>::Proxy()'
/home/syoch093194/Documents/PlatformIO/Projects/NW-W/main/src/init/../config.hpp:41:7: error: use of deleted function 'nvs::Proxy<types::Ipv4>::Proxy()'
/home/syoch093194/Documents/PlatformIO/Projects/NW-W/main/src/init/../config.hpp:22:7: note: 'nvs::Proxy<types::Ipv4>::Proxy()' is implicitly deleted because the default definition would be ill-formed:
   22 | class Proxy<types::Ipv4> : public _Proxy {
      |       ^~~~~~~~~~~~~~~~~~
/home/syoch093194/Documents/PlatformIO/Projects/NW-W/main/src/init/../config.hpp:22:7: error: no matching function for call to 'nvs::_Proxy::_Proxy()'
In file included from /home/syoch093194/Documents/PlatformIO/Projects/NW-W/main/src/init/../config.hpp:11,
                 from /home/syoch093194/Documents/PlatformIO/Projects/NW-W/main/src/init/init_serial.cpp:3:
/home/syoch093194/Documents/PlatformIO/Projects/NW-W/main/src/init/../libs/nvs_proxy.hpp:36:3: note: candidate: 'nvs::_Proxy::_Proxy(nvs::Namespace&, const char*)'
   36 |   _Proxy(nvs::Namespace& ns_handle, const char* key)
      |   ^~~~~~
/home/syoch093194/Documents/PlatformIO/Projects/NW-W/main/src/init/../libs/nvs_proxy.hpp:36:3: note:   candidate expects 2 arguments, 0 provided
/home/syoch093194/Documents/PlatformIO/Projects/NW-W/main/src/init/../libs/nvs_proxy.hpp:29:7: note: candidate: 'nvs::_Proxy::_Proxy(const nvs::_Proxy&)'
   29 | class _Proxy {
      |       ^~~~~~
/home/syoch093194/Documents/PlatformIO/Projects/NW-W/main/src/init/../libs/nvs_proxy.hpp:29:7: note:   candidate expects 1 argument, 0 provided
In file included from /home/syoch093194/Documents/PlatformIO/Projects/NW-W/main/src/init/init_serial.cpp:3:
/home/syoch093194/Documents/PlatformIO/Projects/NW-W/main/src/init/../config.hpp:41:7: error: use of deleted function 'nvs::Proxy<types::Ipv4>::Proxy()'
   41 | class NetworkProfile {
      |       ^~~~~~~~~~~~~~
/home/syoch093194/Documents/PlatformIO/Projects/NW-W/main/src/init/../config.hpp:41:7: error: use of deleted function 'nvs::Proxy<types::Ipv4>::Proxy()'
/home/syoch093194/Documents/PlatformIO/Projects/NW-W/main/src/init/../config.hpp:41:7: error: use of deleted function 'nvs::Proxy<types::Ipv4>::Proxy()'
/home/syoch093194/Documents/PlatformIO/Projects/NW-W/main/src/init/../config.hpp:97:7: error: use of deleted function 'config::ServerProfile::ServerProfile()'
   97 | class Config {
      |       ^~~~~~
/home/syoch093194/Documents/PlatformIO/Projects/NW-W/main/src/init/../config.hpp:66:7: note: 'config::ServerProfile::ServerProfile()' is implicitly deleted because the default definition would be ill-formed:
   66 | class ServerProfile {
      |       ^~~~~~~~~~~~~
/home/syoch093194/Documents/PlatformIO/Projects/NW-W/main/src/init/../config.hpp:66:7: error: use of deleted function 'nvs::Proxy<types::Ipv4>::Proxy()'
[5/14] Building CXX object esp-idf/main/CMakeFiles/__idf_main.dir/src/init/init_wifi.cpp.obj
FAILED: esp-idf/main/CMakeFiles/__idf_main.dir/src/init/init_wifi.cpp.obj 
/home/syoch093194/.espressif/tools/xtensa-esp32-elf/esp-2022r1-11.2.0/xtensa-esp32-elf/bin/xtensa-esp32-elf-g++ -DSOC_MMU_PAGE_SIZE=CONFIG_MMU_PAGE_SIZE -I/home/syoch093194/Documents/PlatformIO/Projects/NW-W/build/config -I/home/syoch093194/Documents/PlatformIO/Projects/NW-W/main/include -I/home/syoch093194/.platformio/packages/framework-espidf/components/newlib/platform_include -I/home/syoch093194/.platformio/packages/framework-espidf/components/freertos/FreeRTOS-Kernel/include -I/home/syoch093194/.platformio/packages/framework-espidf/components/freertos/esp_additions/include/freertos -I/home/syoch093194/.platformio/packages/framework-espidf/components/freertos/FreeRTOS-Kernel/portable/xtensa/include -I/home/syoch093194/.platformio/packages/framework-espidf/components/freertos/esp_additions/include -I/home/syoch093194/.platformio/packages/framework-espidf/components/esp_hw_support/include -I/home/syoch093194/.platformio/packages/framework-espidf/components/esp_hw_support/include/soc -I/home/syoch093194/.platformio/packages/framework-espidf/components/esp_hw_support/include/soc/esp32 -I/home/syoch093194/.platformio/packages/framework-espidf/components/esp_hw_support/port/esp32/. -I/home/syoch093194/.platformio/packages/framework-espidf/components/esp_hw_support/port/esp32/private_include -I/home/syoch093194/.platformio/packages/framework-espidf/components/heap/include -I/home/syoch093194/.platformio/packages/framework-espidf/components/log/include -I/home/syoch093194/.platformio/packages/framework-espidf/components/soc/include -I/home/syoch093194/.platformio/packages/framework-espidf/components/soc/esp32/. -I/home/syoch093194/.platformio/packages/framework-espidf/components/soc/esp32/include -I/home/syoch093194/.platformio/packages/framework-espidf/components/hal/esp32/include -I/home/syoch093194/.platformio/packages/framework-espidf/components/hal/include -I/home/syoch093194/.platformio/packages/framework-espidf/components/hal/platform_port/include -I/home/syoch093194/.platformio/packages/framework-espidf/components/esp_rom/include -I/home/syoch093194/.platformio/packages/framework-espidf/components/esp_rom/include/esp32 -I/home/syoch093194/.platformio/packages/framework-espidf/components/esp_rom/esp32 -I/home/syoch093194/.platformio/packages/framework-espidf/components/esp_common/include -I/home/syoch093194/.platformio/packages/framework-espidf/components/esp_system/include -I/home/syoch093194/.platformio/packages/framework-espidf/components/esp_system/port/soc -I/home/syoch093194/.platformio/packages/framework-espidf/components/esp_system/port/include/private -I/home/syoch093194/.platformio/packages/framework-espidf/components/xtensa/include -I/home/syoch093194/.platformio/packages/framework-espidf/components/xtensa/esp32/include -I/home/syoch093194/.platformio/packages/framework-espidf/components/lwip/include -I/home/syoch093194/.platformio/packages/framework-espidf/components/lwip/include/apps -I/home/syoch093194/.platformio/packages/framework-espidf/components/lwip/include/apps/sntp -I/home/syoch093194/.platformio/packages/framework-espidf/components/lwip/lwip/src/include -I/home/syoch093194/.platformio/packages/framework-espidf/components/lwip/port/esp32/include -I/home/syoch093194/.platformio/packages/framework-espidf/components/lwip/port/esp32/include/arch -I/home/syoch093194/Documents/PlatformIO/Projects/NW-W/components/mdns/include -I/home/syoch093194/.platformio/packages/framework-espidf/components/console -I/home/syoch093194/.platformio/packages/framework-espidf/components/vfs/include -I/home/syoch093194/.platformio/packages/framework-espidf/components/esp_netif/include -I/home/syoch093194/.platformio/packages/framework-espidf/components/esp_event/include -I/home/syoch093194/.platformio/packages/framework-espidf/components/esp_wifi/include -I/home/syoch093194/.platformio/packages/framework-espidf/components/esp_phy/include -I/home/syoch093194/.platformio/packages/framework-espidf/components/esp_phy/esp32/include -I/home/syoch093194/.platformio/packages/framework-espidf/components/driver/include -I/home/syoch093194/.platformio/packages/framework-espidf/components/driver/deprecated -I/home/syoch093194/.platformio/packages/framework-espidf/components/driver/esp32/include -I/home/syoch093194/.platformio/packages/framework-espidf/components/esp_pm/include -I/home/syoch093194/.platformio/packages/framework-espidf/components/esp_ringbuf/include -I/home/syoch093194/.platformio/packages/framework-espidf/components/nvs_flash/include -I/home/syoch093194/.platformio/packages/framework-espidf/components/esp_partition/include -I/home/syoch093194/Documents/PlatformIO/Projects/NW-W/components/result/include -mlongcalls -Wno-frame-address  -fdiagnostics-color=always -ffunction-sections -fdata-sections -Wall -Werror=all -Wno-error=unused-function -Wno-error=unused-variable -Wno-error=deprecated-declarations -Wextra -Wno-unused-parameter -Wno-sign-compare -Wno-enum-conversion -gdwarf-4 -ggdb -Og -fmacro-prefix-map=/home/syoch093194/Documents/PlatformIO/Projects/NW-W=. -fmacro-prefix-map=/home/syoch093194/.platformio/packages/framework-espidf=/IDF -fstrict-volatile-bitfields -Wno-error=unused-but-set-variable -fno-jump-tables -fno-tree-switch-conversion -DconfigENABLE_FREERTOS_DEBUG_OCDAWARE=1 -std=gnu++20 -fno-exceptions -fno-rtti -D_GNU_SOURCE -DIDF_VER=\"5.0.2\" -DESP_PLATFORM -D_POSIX_READER_WRITER_LOCKS -MD -MT esp-idf/main/CMakeFiles/__idf_main.dir/src/init/init_wifi.cpp.obj -MF esp-idf/main/CMakeFiles/__idf_main.dir/src/init/init_wifi.cpp.obj.d -o esp-idf/main/CMakeFiles/__idf_main.dir/src/init/init_wifi.cpp.obj -c /home/syoch093194/Documents/PlatformIO/Projects/NW-W/main/src/init/init_wifi.cpp
In file included from /home/syoch093194/Documents/PlatformIO/Projects/NW-W/main/src/init/init_wifi.cpp:6:
/home/syoch093194/Documents/PlatformIO/Projects/NW-W/main/src/init/../config.hpp: In static member function 'static config::Config* config::Config::GetInstance()':
/home/syoch093194/Documents/PlatformIO/Projects/NW-W/main/src/init/../config.hpp:138:29: error: use of deleted function 'config::Config::Config()'
  138 |       instance = new Config();
      |                             ^
/home/syoch093194/Documents/PlatformIO/Projects/NW-W/main/src/init/../config.hpp:97:7: note: 'config::Config::Config()' is implicitly deleted because the default definition would be ill-formed:
   97 | class Config {
      |       ^~~~~~
/home/syoch093194/Documents/PlatformIO/Projects/NW-W/main/src/init/../config.hpp:97:7: error: use of deleted function 'config::NetworkProfile::NetworkProfile()'
/home/syoch093194/Documents/PlatformIO/Projects/NW-W/main/src/init/../config.hpp:41:7: note: 'config::NetworkProfile::NetworkProfile()' is implicitly deleted because the default definition would be ill-formed:
   41 | class NetworkProfile {
      |       ^~~~~~~~~~~~~~
/home/syoch093194/Documents/PlatformIO/Projects/NW-W/main/src/init/../config.hpp:41:7: error: use of deleted function 'nvs::Proxy<char [20]>::Proxy()'
In file included from /home/syoch093194/Documents/PlatformIO/Projects/NW-W/main/src/init/../config.hpp:11,
                 from /home/syoch093194/Documents/PlatformIO/Projects/NW-W/main/src/init/init_wifi.cpp:6:
/home/syoch093194/Documents/PlatformIO/Projects/NW-W/main/src/init/../libs/nvs_proxy.hpp:96:7: note: 'nvs::Proxy<char [20]>::Proxy()' is implicitly deleted because the default definition would be ill-formed:
   96 | class Proxy<char[N]> : public _Proxy {
      |       ^~~~~~~~~~~~~~
/home/syoch093194/Documents/PlatformIO/Projects/NW-W/main/src/init/../libs/nvs_proxy.hpp:96:7: error: no matching function for call to 'nvs::_Proxy::_Proxy()'
/home/syoch093194/Documents/PlatformIO/Projects/NW-W/main/src/init/../libs/nvs_proxy.hpp:36:3: note: candidate: 'nvs::_Proxy::_Proxy(nvs::Namespace&, const char*)'
   36 |   _Proxy(nvs::Namespace& ns_handle, const char* key)
      |   ^~~~~~
/home/syoch093194/Documents/PlatformIO/Projects/NW-W/main/src/init/../libs/nvs_proxy.hpp:36:3: note:   candidate expects 2 arguments, 0 provided
/home/syoch093194/Documents/PlatformIO/Projects/NW-W/main/src/init/../libs/nvs_proxy.hpp:29:7: note: candidate: 'nvs::_Proxy::_Proxy(const nvs::_Proxy&)'
   29 | class _Proxy {
      |       ^~~~~~
/home/syoch093194/Documents/PlatformIO/Projects/NW-W/main/src/init/../libs/nvs_proxy.hpp:29:7: note:   candidate expects 1 argument, 0 provided
In file included from /home/syoch093194/Documents/PlatformIO/Projects/NW-W/main/src/init/init_wifi.cpp:6:
/home/syoch093194/Documents/PlatformIO/Projects/NW-W/main/src/init/../config.hpp:41:7: error: use of deleted function 'nvs::Proxy<char [20]>::Proxy()'
   41 | class NetworkProfile {
      |       ^~~~~~~~~~~~~~
/home/syoch093194/Documents/PlatformIO/Projects/NW-W/main/src/init/../config.hpp:41:7: error: use of deleted function 'nvs::Proxy<char [20]>::Proxy()'
/home/syoch093194/Documents/PlatformIO/Projects/NW-W/main/src/init/../config.hpp:41:7: error: use of deleted function 'nvs::Proxy<char [20]>::Proxy()'
/home/syoch093194/Documents/PlatformIO/Projects/NW-W/main/src/init/../config.hpp:41:7: error: use of deleted function 'nvs::Proxy<types::Ipv4>::Proxy()'
/home/syoch093194/Documents/PlatformIO/Projects/NW-W/main/src/init/../config.hpp:22:7: note: 'nvs::Proxy<types::Ipv4>::Proxy()' is implicitly deleted because the default definition would be ill-formed:
   22 | class Proxy<types::Ipv4> : public _Proxy {
      |       ^~~~~~~~~~~~~~~~~~
/home/syoch093194/Documents/PlatformIO/Projects/NW-W/main/src/init/../config.hpp:22:7: error: no matching function for call to 'nvs::_Proxy::_Proxy()'
In file included from /home/syoch093194/Documents/PlatformIO/Projects/NW-W/main/src/init/../config.hpp:11,
                 from /home/syoch093194/Documents/PlatformIO/Projects/NW-W/main/src/init/init_wifi.cpp:6:
/home/syoch093194/Documents/PlatformIO/Projects/NW-W/main/src/init/../libs/nvs_proxy.hpp:36:3: note: candidate: 'nvs::_Proxy::_Proxy(nvs::Namespace&, const char*)'
   36 |   _Proxy(nvs::Namespace& ns_handle, const char* key)
      |   ^~~~~~
/home/syoch093194/Documents/PlatformIO/Projects/NW-W/main/src/init/../libs/nvs_proxy.hpp:36:3: note:   candidate expects 2 arguments, 0 provided
/home/syoch093194/Documents/PlatformIO/Projects/NW-W/main/src/init/../libs/nvs_proxy.hpp:29:7: note: candidate: 'nvs::_Proxy::_Proxy(const nvs::_Proxy&)'
   29 | class _Proxy {
      |       ^~~~~~
/home/syoch093194/Documents/PlatformIO/Projects/NW-W/main/src/init/../libs/nvs_proxy.hpp:29:7: note:   candidate expects 1 argument, 0 provided
In file included from /home/syoch093194/Documents/PlatformIO/Projects/NW-W/main/src/init/init_wifi.cpp:6:
/home/syoch093194/Documents/PlatformIO/Projects/NW-W/main/src/init/../config.hpp:41:7: error: use of deleted function 'nvs::Proxy<types::Ipv4>::Proxy()'
   41 | class NetworkProfile {
      |       ^~~~~~~~~~~~~~
/home/syoch093194/Documents/PlatformIO/Projects/NW-W/main/src/init/../config.hpp:41:7: error: use of deleted function 'nvs::Proxy<types::Ipv4>::Proxy()'
/home/syoch093194/Documents/PlatformIO/Projects/NW-W/main/src/init/../config.hpp:41:7: error: use of deleted function 'nvs::Proxy<types::Ipv4>::Proxy()'
/home/syoch093194/Documents/PlatformIO/Projects/NW-W/main/src/init/../config.hpp:97:7: error: use of deleted function 'config::ServerProfile::ServerProfile()'
   97 | class Config {
      |       ^~~~~~
/home/syoch093194/Documents/PlatformIO/Projects/NW-W/main/src/init/../config.hpp:66:7: note: 'config::ServerProfile::ServerProfile()' is implicitly deleted because the default definition would be ill-formed:
   66 | class ServerProfile {
      |       ^~~~~~~~~~~~~
/home/syoch093194/Documents/PlatformIO/Projects/NW-W/main/src/init/../config.hpp:66:7: error: use of deleted function 'nvs::Proxy<types::Ipv4>::Proxy()'
[6/14] Building CXX object esp-idf/main/CMakeFiles/__idf_main.dir/src/init/init_data_server.cpp.obj
FAILED: esp-idf/main/CMakeFiles/__idf_main.dir/src/init/init_data_server.cpp.obj 
/home/syoch093194/.espressif/tools/xtensa-esp32-elf/esp-2022r1-11.2.0/xtensa-esp32-elf/bin/xtensa-esp32-elf-g++ -DSOC_MMU_PAGE_SIZE=CONFIG_MMU_PAGE_SIZE -I/home/syoch093194/Documents/PlatformIO/Projects/NW-W/build/config -I/home/syoch093194/Documents/PlatformIO/Projects/NW-W/main/include -I/home/syoch093194/.platformio/packages/framework-espidf/components/newlib/platform_include -I/home/syoch093194/.platformio/packages/framework-espidf/components/freertos/FreeRTOS-Kernel/include -I/home/syoch093194/.platformio/packages/framework-espidf/components/freertos/esp_additions/include/freertos -I/home/syoch093194/.platformio/packages/framework-espidf/components/freertos/FreeRTOS-Kernel/portable/xtensa/include -I/home/syoch093194/.platformio/packages/framework-espidf/components/freertos/esp_additions/include -I/home/syoch093194/.platformio/packages/framework-espidf/components/esp_hw_support/include -I/home/syoch093194/.platformio/packages/framework-espidf/components/esp_hw_support/include/soc -I/home/syoch093194/.platformio/packages/framework-espidf/components/esp_hw_support/include/soc/esp32 -I/home/syoch093194/.platformio/packages/framework-espidf/components/esp_hw_support/port/esp32/. -I/home/syoch093194/.platformio/packages/framework-espidf/components/esp_hw_support/port/esp32/private_include -I/home/syoch093194/.platformio/packages/framework-espidf/components/heap/include -I/home/syoch093194/.platformio/packages/framework-espidf/components/log/include -I/home/syoch093194/.platformio/packages/framework-espidf/components/soc/include -I/home/syoch093194/.platformio/packages/framework-espidf/components/soc/esp32/. -I/home/syoch093194/.platformio/packages/framework-espidf/components/soc/esp32/include -I/home/syoch093194/.platformio/packages/framework-espidf/components/hal/esp32/include -I/home/syoch093194/.platformio/packages/framework-espidf/components/hal/include -I/home/syoch093194/.platformio/packages/framework-espidf/components/hal/platform_port/include -I/home/syoch093194/.platformio/packages/framework-espidf/components/esp_rom/include -I/home/syoch093194/.platformio/packages/framework-espidf/components/esp_rom/include/esp32 -I/home/syoch093194/.platformio/packages/framework-espidf/components/esp_rom/esp32 -I/home/syoch093194/.platformio/packages/framework-espidf/components/esp_common/include -I/home/syoch093194/.platformio/packages/framework-espidf/components/esp_system/include -I/home/syoch093194/.platformio/packages/framework-espidf/components/esp_system/port/soc -I/home/syoch093194/.platformio/packages/framework-espidf/components/esp_system/port/include/private -I/home/syoch093194/.platformio/packages/framework-espidf/components/xtensa/include -I/home/syoch093194/.platformio/packages/framework-espidf/components/xtensa/esp32/include -I/home/syoch093194/.platformio/packages/framework-espidf/components/lwip/include -I/home/syoch093194/.platformio/packages/framework-espidf/components/lwip/include/apps -I/home/syoch093194/.platformio/packages/framework-espidf/components/lwip/include/apps/sntp -I/home/syoch093194/.platformio/packages/framework-espidf/components/lwip/lwip/src/include -I/home/syoch093194/.platformio/packages/framework-espidf/components/lwip/port/esp32/include -I/home/syoch093194/.platformio/packages/framework-espidf/components/lwip/port/esp32/include/arch -I/home/syoch093194/Documents/PlatformIO/Projects/NW-W/components/mdns/include -I/home/syoch093194/.platformio/packages/framework-espidf/components/console -I/home/syoch093194/.platformio/packages/framework-espidf/components/vfs/include -I/home/syoch093194/.platformio/packages/framework-espidf/components/esp_netif/include -I/home/syoch093194/.platformio/packages/framework-espidf/components/esp_event/include -I/home/syoch093194/.platformio/packages/framework-espidf/components/esp_wifi/include -I/home/syoch093194/.platformio/packages/framework-espidf/components/esp_phy/include -I/home/syoch093194/.platformio/packages/framework-espidf/components/esp_phy/esp32/include -I/home/syoch093194/.platformio/packages/framework-espidf/components/driver/include -I/home/syoch093194/.platformio/packages/framework-espidf/components/driver/deprecated -I/home/syoch093194/.platformio/packages/framework-espidf/components/driver/esp32/include -I/home/syoch093194/.platformio/packages/framework-espidf/components/esp_pm/include -I/home/syoch093194/.platformio/packages/framework-espidf/components/esp_ringbuf/include -I/home/syoch093194/.platformio/packages/framework-espidf/components/nvs_flash/include -I/home/syoch093194/.platformio/packages/framework-espidf/components/esp_partition/include -I/home/syoch093194/Documents/PlatformIO/Projects/NW-W/components/result/include -mlongcalls -Wno-frame-address  -fdiagnostics-color=always -ffunction-sections -fdata-sections -Wall -Werror=all -Wno-error=unused-function -Wno-error=unused-variable -Wno-error=deprecated-declarations -Wextra -Wno-unused-parameter -Wno-sign-compare -Wno-enum-conversion -gdwarf-4 -ggdb -Og -fmacro-prefix-map=/home/syoch093194/Documents/PlatformIO/Projects/NW-W=. -fmacro-prefix-map=/home/syoch093194/.platformio/packages/framework-espidf=/IDF -fstrict-volatile-bitfields -Wno-error=unused-but-set-variable -fno-jump-tables -fno-tree-switch-conversion -DconfigENABLE_FREERTOS_DEBUG_OCDAWARE=1 -std=gnu++20 -fno-exceptions -fno-rtti -D_GNU_SOURCE -DIDF_VER=\"5.0.2\" -DESP_PLATFORM -D_POSIX_READER_WRITER_LOCKS -MD -MT esp-idf/main/CMakeFiles/__idf_main.dir/src/init/init_data_server.cpp.obj -MF esp-idf/main/CMakeFiles/__idf_main.dir/src/init/init_data_server.cpp.obj.d -o esp-idf/main/CMakeFiles/__idf_main.dir/src/init/init_data_server.cpp.obj -c /home/syoch093194/Documents/PlatformIO/Projects/NW-W/main/src/init/init_data_server.cpp
In file included from /home/syoch093194/Documents/PlatformIO/Projects/NW-W/main/src/init/init_data_server.cpp:6:
/home/syoch093194/Documents/PlatformIO/Projects/NW-W/main/src/init/../config.hpp: In static member function 'static config::Config* config::Config::GetInstance()':
/home/syoch093194/Documents/PlatformIO/Projects/NW-W/main/src/init/../config.hpp:138:29: error: use of deleted function 'config::Config::Config()'
  138 |       instance = new Config();
      |                             ^
/home/syoch093194/Documents/PlatformIO/Projects/NW-W/main/src/init/../config.hpp:97:7: note: 'config::Config::Config()' is implicitly deleted because the default definition would be ill-formed:
   97 | class Config {
      |       ^~~~~~
/home/syoch093194/Documents/PlatformIO/Projects/NW-W/main/src/init/../config.hpp:97:7: error: use of deleted function 'config::NetworkProfile::NetworkProfile()'
/home/syoch093194/Documents/PlatformIO/Projects/NW-W/main/src/init/../config.hpp:41:7: note: 'config::NetworkProfile::NetworkProfile()' is implicitly deleted because the default definition would be ill-formed:
   41 | class NetworkProfile {
      |       ^~~~~~~~~~~~~~
/home/syoch093194/Documents/PlatformIO/Projects/NW-W/main/src/init/../config.hpp:41:7: error: use of deleted function 'nvs::Proxy<char [20]>::Proxy()'
In file included from /home/syoch093194/Documents/PlatformIO/Projects/NW-W/main/src/init/../config.hpp:11,
                 from /home/syoch093194/Documents/PlatformIO/Projects/NW-W/main/src/init/init_data_server.cpp:6:
/home/syoch093194/Documents/PlatformIO/Projects/NW-W/main/src/init/../libs/nvs_proxy.hpp:96:7: note: 'nvs::Proxy<char [20]>::Proxy()' is implicitly deleted because the default definition would be ill-formed:
   96 | class Proxy<char[N]> : public _Proxy {
      |       ^~~~~~~~~~~~~~
/home/syoch093194/Documents/PlatformIO/Projects/NW-W/main/src/init/../libs/nvs_proxy.hpp:96:7: error: no matching function for call to 'nvs::_Proxy::_Proxy()'
/home/syoch093194/Documents/PlatformIO/Projects/NW-W/main/src/init/../libs/nvs_proxy.hpp:36:3: note: candidate: 'nvs::_Proxy::_Proxy(nvs::Namespace&, const char*)'
   36 |   _Proxy(nvs::Namespace& ns_handle, const char* key)
      |   ^~~~~~
/home/syoch093194/Documents/PlatformIO/Projects/NW-W/main/src/init/../libs/nvs_proxy.hpp:36:3: note:   candidate expects 2 arguments, 0 provided
/home/syoch093194/Documents/PlatformIO/Projects/NW-W/main/src/init/../libs/nvs_proxy.hpp:29:7: note: candidate: 'nvs::_Proxy::_Proxy(const nvs::_Proxy&)'
   29 | class _Proxy {
      |       ^~~~~~
/home/syoch093194/Documents/PlatformIO/Projects/NW-W/main/src/init/../libs/nvs_proxy.hpp:29:7: note:   candidate expects 1 argument, 0 provided
In file included from /home/syoch093194/Documents/PlatformIO/Projects/NW-W/main/src/init/init_data_server.cpp:6:
/home/syoch093194/Documents/PlatformIO/Projects/NW-W/main/src/init/../config.hpp:41:7: error: use of deleted function 'nvs::Proxy<char [20]>::Proxy()'
   41 | class NetworkProfile {
      |       ^~~~~~~~~~~~~~
/home/syoch093194/Documents/PlatformIO/Projects/NW-W/main/src/init/../config.hpp:41:7: error: use of deleted function 'nvs::Proxy<char [20]>::Proxy()'
/home/syoch093194/Documents/PlatformIO/Projects/NW-W/main/src/init/../config.hpp:41:7: error: use of deleted function 'nvs::Proxy<char [20]>::Proxy()'
/home/syoch093194/Documents/PlatformIO/Projects/NW-W/main/src/init/../config.hpp:41:7: error: use of deleted function 'nvs::Proxy<types::Ipv4>::Proxy()'
/home/syoch093194/Documents/PlatformIO/Projects/NW-W/main/src/init/../config.hpp:22:7: note: 'nvs::Proxy<types::Ipv4>::Proxy()' is implicitly deleted because the default definition would be ill-formed:
   22 | class Proxy<types::Ipv4> : public _Proxy {
      |       ^~~~~~~~~~~~~~~~~~
/home/syoch093194/Documents/PlatformIO/Projects/NW-W/main/src/init/../config.hpp:22:7: error: no matching function for call to 'nvs::_Proxy::_Proxy()'
In file included from /home/syoch093194/Documents/PlatformIO/Projects/NW-W/main/src/init/../config.hpp:11,
                 from /home/syoch093194/Documents/PlatformIO/Projects/NW-W/main/src/init/init_data_server.cpp:6:
/home/syoch093194/Documents/PlatformIO/Projects/NW-W/main/src/init/../libs/nvs_proxy.hpp:36:3: note: candidate: 'nvs::_Proxy::_Proxy(nvs::Namespace&, const char*)'
   36 |   _Proxy(nvs::Namespace& ns_handle, const char* key)
      |   ^~~~~~
/home/syoch093194/Documents/PlatformIO/Projects/NW-W/main/src/init/../libs/nvs_proxy.hpp:36:3: note:   candidate expects 2 arguments, 0 provided
/home/syoch093194/Documents/PlatformIO/Projects/NW-W/main/src/init/../libs/nvs_proxy.hpp:29:7: note: candidate: 'nvs::_Proxy::_Proxy(const nvs::_Proxy&)'
   29 | class _Proxy {
      |       ^~~~~~
/home/syoch093194/Documents/PlatformIO/Projects/NW-W/main/src/init/../libs/nvs_proxy.hpp:29:7: note:   candidate expects 1 argument, 0 provided
In file included from /home/syoch093194/Documents/PlatformIO/Projects/NW-W/main/src/init/init_data_server.cpp:6:
/home/syoch093194/Documents/PlatformIO/Projects/NW-W/main/src/init/../config.hpp:41:7: error: use of deleted function 'nvs::Proxy<types::Ipv4>::Proxy()'
   41 | class NetworkProfile {
      |       ^~~~~~~~~~~~~~
/home/syoch093194/Documents/PlatformIO/Projects/NW-W/main/src/init/../config.hpp:41:7: error: use of deleted function 'nvs::Proxy<types::Ipv4>::Proxy()'
/home/syoch093194/Documents/PlatformIO/Projects/NW-W/main/src/init/../config.hpp:41:7: error: use of deleted function 'nvs::Proxy<types::Ipv4>::Proxy()'
/home/syoch093194/Documents/PlatformIO/Projects/NW-W/main/src/init/../config.hpp:97:7: error: use of deleted function 'config::ServerProfile::ServerProfile()'
   97 | class Config {
      |       ^~~~~~
/home/syoch093194/Documents/PlatformIO/Projects/NW-W/main/src/init/../config.hpp:66:7: note: 'config::ServerProfile::ServerProfile()' is implicitly deleted because the default definition would be ill-formed:
   66 | class ServerProfile {
      |       ^~~~~~~~~~~~~
/home/syoch093194/Documents/PlatformIO/Projects/NW-W/main/src/init/../config.hpp:66:7: error: use of deleted function 'nvs::Proxy<types::Ipv4>::Proxy()'
[7/14] Building CXX object esp-idf/main/CMakeFiles/__idf_main.dir/src/config.cpp.obj
FAILED: esp-idf/main/CMakeFiles/__idf_main.dir/src/config.cpp.obj 
/home/syoch093194/.espressif/tools/xtensa-esp32-elf/esp-2022r1-11.2.0/xtensa-esp32-elf/bin/xtensa-esp32-elf-g++ -DSOC_MMU_PAGE_SIZE=CONFIG_MMU_PAGE_SIZE -I/home/syoch093194/Documents/PlatformIO/Projects/NW-W/build/config -I/home/syoch093194/Documents/PlatformIO/Projects/NW-W/main/include -I/home/syoch093194/.platformio/packages/framework-espidf/components/newlib/platform_include -I/home/syoch093194/.platformio/packages/framework-espidf/components/freertos/FreeRTOS-Kernel/include -I/home/syoch093194/.platformio/packages/framework-espidf/components/freertos/esp_additions/include/freertos -I/home/syoch093194/.platformio/packages/framework-espidf/components/freertos/FreeRTOS-Kernel/portable/xtensa/include -I/home/syoch093194/.platformio/packages/framework-espidf/components/freertos/esp_additions/include -I/home/syoch093194/.platformio/packages/framework-espidf/components/esp_hw_support/include -I/home/syoch093194/.platformio/packages/framework-espidf/components/esp_hw_support/include/soc -I/home/syoch093194/.platformio/packages/framework-espidf/components/esp_hw_support/include/soc/esp32 -I/home/syoch093194/.platformio/packages/framework-espidf/components/esp_hw_support/port/esp32/. -I/home/syoch093194/.platformio/packages/framework-espidf/components/esp_hw_support/port/esp32/private_include -I/home/syoch093194/.platformio/packages/framework-espidf/components/heap/include -I/home/syoch093194/.platformio/packages/framework-espidf/components/log/include -I/home/syoch093194/.platformio/packages/framework-espidf/components/soc/include -I/home/syoch093194/.platformio/packages/framework-espidf/components/soc/esp32/. -I/home/syoch093194/.platformio/packages/framework-espidf/components/soc/esp32/include -I/home/syoch093194/.platformio/packages/framework-espidf/components/hal/esp32/include -I/home/syoch093194/.platformio/packages/framework-espidf/components/hal/include -I/home/syoch093194/.platformio/packages/framework-espidf/components/hal/platform_port/include -I/home/syoch093194/.platformio/packages/framework-espidf/components/esp_rom/include -I/home/syoch093194/.platformio/packages/framework-espidf/components/esp_rom/include/esp32 -I/home/syoch093194/.platformio/packages/framework-espidf/components/esp_rom/esp32 -I/home/syoch093194/.platformio/packages/framework-espidf/components/esp_common/include -I/home/syoch093194/.platformio/packages/framework-espidf/components/esp_system/include -I/home/syoch093194/.platformio/packages/framework-espidf/components/esp_system/port/soc -I/home/syoch093194/.platformio/packages/framework-espidf/components/esp_system/port/include/private -I/home/syoch093194/.platformio/packages/framework-espidf/components/xtensa/include -I/home/syoch093194/.platformio/packages/framework-espidf/components/xtensa/esp32/include -I/home/syoch093194/.platformio/packages/framework-espidf/components/lwip/include -I/home/syoch093194/.platformio/packages/framework-espidf/components/lwip/include/apps -I/home/syoch093194/.platformio/packages/framework-espidf/components/lwip/include/apps/sntp -I/home/syoch093194/.platformio/packages/framework-espidf/components/lwip/lwip/src/include -I/home/syoch093194/.platformio/packages/framework-espidf/components/lwip/port/esp32/include -I/home/syoch093194/.platformio/packages/framework-espidf/components/lwip/port/esp32/include/arch -I/home/syoch093194/Documents/PlatformIO/Projects/NW-W/components/mdns/include -I/home/syoch093194/.platformio/packages/framework-espidf/components/console -I/home/syoch093194/.platformio/packages/framework-espidf/components/vfs/include -I/home/syoch093194/.platformio/packages/framework-espidf/components/esp_netif/include -I/home/syoch093194/.platformio/packages/framework-espidf/components/esp_event/include -I/home/syoch093194/.platformio/packages/framework-espidf/components/esp_wifi/include -I/home/syoch093194/.platformio/packages/framework-espidf/components/esp_phy/include -I/home/syoch093194/.platformio/packages/framework-espidf/components/esp_phy/esp32/include -I/home/syoch093194/.platformio/packages/framework-espidf/components/driver/include -I/home/syoch093194/.platformio/packages/framework-espidf/components/driver/deprecated -I/home/syoch093194/.platformio/packages/framework-espidf/components/driver/esp32/include -I/home/syoch093194/.platformio/packages/framework-espidf/components/esp_pm/include -I/home/syoch093194/.platformio/packages/framework-espidf/components/esp_ringbuf/include -I/home/syoch093194/.platformio/packages/framework-espidf/components/nvs_flash/include -I/home/syoch093194/.platformio/packages/framework-espidf/components/esp_partition/include -I/home/syoch093194/Documents/PlatformIO/Projects/NW-W/components/result/include -mlongcalls -Wno-frame-address  -fdiagnostics-color=always -ffunction-sections -fdata-sections -Wall -Werror=all -Wno-error=unused-function -Wno-error=unused-variable -Wno-error=deprecated-declarations -Wextra -Wno-unused-parameter -Wno-sign-compare -Wno-enum-conversion -gdwarf-4 -ggdb -Og -fmacro-prefix-map=/home/syoch093194/Documents/PlatformIO/Projects/NW-W=. -fmacro-prefix-map=/home/syoch093194/.platformio/packages/framework-espidf=/IDF -fstrict-volatile-bitfields -Wno-error=unused-but-set-variable -fno-jump-tables -fno-tree-switch-conversion -DconfigENABLE_FREERTOS_DEBUG_OCDAWARE=1 -std=gnu++20 -fno-exceptions -fno-rtti -D_GNU_SOURCE -DIDF_VER=\"5.0.2\" -DESP_PLATFORM -D_POSIX_READER_WRITER_LOCKS -MD -MT esp-idf/main/CMakeFiles/__idf_main.dir/src/config.cpp.obj -MF esp-idf/main/CMakeFiles/__idf_main.dir/src/config.cpp.obj.d -o esp-idf/main/CMakeFiles/__idf_main.dir/src/config.cpp.obj -c /home/syoch093194/Documents/PlatformIO/Projects/NW-W/main/src/config.cpp
In file included from /home/syoch093194/Documents/PlatformIO/Projects/NW-W/main/src/config.cpp:1:
/home/syoch093194/Documents/PlatformIO/Projects/NW-W/main/src/config.hpp: In static member function 'static config::Config* config::Config::GetInstance()':
/home/syoch093194/Documents/PlatformIO/Projects/NW-W/main/src/config.hpp:138:29: error: use of deleted function 'config::Config::Config()'
  138 |       instance = new Config();
      |                             ^
/home/syoch093194/Documents/PlatformIO/Projects/NW-W/main/src/config.hpp:97:7: note: 'config::Config::Config()' is implicitly deleted because the default definition would be ill-formed:
   97 | class Config {
      |       ^~~~~~
/home/syoch093194/Documents/PlatformIO/Projects/NW-W/main/src/config.hpp:97:7: error: use of deleted function 'config::NetworkProfile::NetworkProfile()'
/home/syoch093194/Documents/PlatformIO/Projects/NW-W/main/src/config.hpp:41:7: note: 'config::NetworkProfile::NetworkProfile()' is implicitly deleted because the default definition would be ill-formed:
   41 | class NetworkProfile {
      |       ^~~~~~~~~~~~~~
/home/syoch093194/Documents/PlatformIO/Projects/NW-W/main/src/config.hpp:41:7: error: use of deleted function 'nvs::Proxy<char [20]>::Proxy()'
In file included from /home/syoch093194/Documents/PlatformIO/Projects/NW-W/main/src/config.hpp:11,
                 from /home/syoch093194/Documents/PlatformIO/Projects/NW-W/main/src/config.cpp:1:
/home/syoch093194/Documents/PlatformIO/Projects/NW-W/main/src/libs/nvs_proxy.hpp:96:7: note: 'nvs::Proxy<char [20]>::Proxy()' is implicitly deleted because the default definition would be ill-formed:
   96 | class Proxy<char[N]> : public _Proxy {
      |       ^~~~~~~~~~~~~~
/home/syoch093194/Documents/PlatformIO/Projects/NW-W/main/src/libs/nvs_proxy.hpp:96:7: error: no matching function for call to 'nvs::_Proxy::_Proxy()'
/home/syoch093194/Documents/PlatformIO/Projects/NW-W/main/src/libs/nvs_proxy.hpp:36:3: note: candidate: 'nvs::_Proxy::_Proxy(nvs::Namespace&, const char*)'
   36 |   _Proxy(nvs::Namespace& ns_handle, const char* key)
      |   ^~~~~~
/home/syoch093194/Documents/PlatformIO/Projects/NW-W/main/src/libs/nvs_proxy.hpp:36:3: note:   candidate expects 2 arguments, 0 provided
/home/syoch093194/Documents/PlatformIO/Projects/NW-W/main/src/libs/nvs_proxy.hpp:29:7: note: candidate: 'nvs::_Proxy::_Proxy(const nvs::_Proxy&)'
   29 | class _Proxy {
      |       ^~~~~~
/home/syoch093194/Documents/PlatformIO/Projects/NW-W/main/src/libs/nvs_proxy.hpp:29:7: note:   candidate expects 1 argument, 0 provided
In file included from /home/syoch093194/Documents/PlatformIO/Projects/NW-W/main/src/config.cpp:1:
/home/syoch093194/Documents/PlatformIO/Projects/NW-W/main/src/config.hpp:41:7: error: use of deleted function 'nvs::Proxy<char [20]>::Proxy()'
   41 | class NetworkProfile {
      |       ^~~~~~~~~~~~~~
/home/syoch093194/Documents/PlatformIO/Projects/NW-W/main/src/config.hpp:41:7: error: use of deleted function 'nvs::Proxy<char [20]>::Proxy()'
/home/syoch093194/Documents/PlatformIO/Projects/NW-W/main/src/config.hpp:41:7: error: use of deleted function 'nvs::Proxy<char [20]>::Proxy()'
/home/syoch093194/Documents/PlatformIO/Projects/NW-W/main/src/config.hpp:41:7: error: use of deleted function 'nvs::Proxy<types::Ipv4>::Proxy()'
/home/syoch093194/Documents/PlatformIO/Projects/NW-W/main/src/config.hpp:22:7: note: 'nvs::Proxy<types::Ipv4>::Proxy()' is implicitly deleted because the default definition would be ill-formed:
   22 | class Proxy<types::Ipv4> : public _Proxy {
      |       ^~~~~~~~~~~~~~~~~~
/home/syoch093194/Documents/PlatformIO/Projects/NW-W/main/src/config.hpp:22:7: error: no matching function for call to 'nvs::_Proxy::_Proxy()'
In file included from /home/syoch093194/Documents/PlatformIO/Projects/NW-W/main/src/config.hpp:11,
                 from /home/syoch093194/Documents/PlatformIO/Projects/NW-W/main/src/config.cpp:1:
/home/syoch093194/Documents/PlatformIO/Projects/NW-W/main/src/libs/nvs_proxy.hpp:36:3: note: candidate: 'nvs::_Proxy::_Proxy(nvs::Namespace&, const char*)'
   36 |   _Proxy(nvs::Namespace& ns_handle, const char* key)
      |   ^~~~~~
/home/syoch093194/Documents/PlatformIO/Projects/NW-W/main/src/libs/nvs_proxy.hpp:36:3: note:   candidate expects 2 arguments, 0 provided
/home/syoch093194/Documents/PlatformIO/Projects/NW-W/main/src/libs/nvs_proxy.hpp:29:7: note: candidate: 'nvs::_Proxy::_Proxy(const nvs::_Proxy&)'
   29 | class _Proxy {
      |       ^~~~~~
/home/syoch093194/Documents/PlatformIO/Projects/NW-W/main/src/libs/nvs_proxy.hpp:29:7: note:   candidate expects 1 argument, 0 provided
In file included from /home/syoch093194/Documents/PlatformIO/Projects/NW-W/main/src/config.cpp:1:
/home/syoch093194/Documents/PlatformIO/Projects/NW-W/main/src/config.hpp:41:7: error: use of deleted function 'nvs::Proxy<types::Ipv4>::Proxy()'
   41 | class NetworkProfile {
      |       ^~~~~~~~~~~~~~
/home/syoch093194/Documents/PlatformIO/Projects/NW-W/main/src/config.hpp:41:7: error: use of deleted function 'nvs::Proxy<types::Ipv4>::Proxy()'
/home/syoch093194/Documents/PlatformIO/Projects/NW-W/main/src/config.hpp:41:7: error: use of deleted function 'nvs::Proxy<types::Ipv4>::Proxy()'
/home/syoch093194/Documents/PlatformIO/Projects/NW-W/main/src/config.hpp:97:7: error: use of deleted function 'config::ServerProfile::ServerProfile()'
   97 | class Config {
      |       ^~~~~~
/home/syoch093194/Documents/PlatformIO/Projects/NW-W/main/src/config.hpp:66:7: note: 'config::ServerProfile::ServerProfile()' is implicitly deleted because the default definition would be ill-formed:
   66 | class ServerProfile {
      |       ^~~~~~~~~~~~~
/home/syoch093194/Documents/PlatformIO/Projects/NW-W/main/src/config.hpp:66:7: error: use of deleted function 'nvs::Proxy<types::Ipv4>::Proxy()'
/home/syoch093194/Documents/PlatformIO/Projects/NW-W/main/src/config.cpp: In static member function 'static void config::NetworkProfile::Load(config::NetworkProfile&, uint8_t)':
/home/syoch093194/Documents/PlatformIO/Projects/NW-W/main/src/config.cpp:16:39: error: cannot convert 'nvs::Proxy<char [20]>*' to 'char*'
   16 |   nvs_get_str(handle, "name", profile.name, NULL);
      |                               ~~~~~~~~^~~~
      |                                       |
      |                                       nvs::Proxy<char [20]>*
In file included from /home/syoch093194/Documents/PlatformIO/Projects/NW-W/main/src/libs/nvs_proxy.hpp:1,
                 from /home/syoch093194/Documents/PlatformIO/Projects/NW-W/main/src/config.hpp:11,
                 from /home/syoch093194/Documents/PlatformIO/Projects/NW-W/main/src/config.cpp:1:
/home/syoch093194/.platformio/packages/framework-espidf/components/nvs_flash/include/nvs.h:456:68: note:   initializing argument 3 of 'esp_err_t nvs_get_str(nvs_handle_t, const char*, char*, size_t*)'
  456 | esp_err_t nvs_get_str (nvs_handle_t handle, const char* key, char* out_value, size_t* length);
      |                                                              ~~~~~~^~~~~~~~~
/home/syoch093194/Documents/PlatformIO/Projects/NW-W/main/src/config.cpp:17:39: error: cannot convert 'nvs::Proxy<char [20]>*' to 'char*'
   17 |   nvs_get_str(handle, "ssid", profile.ssid, NULL);
      |                               ~~~~~~~~^~~~
      |                                       |
      |                                       nvs::Proxy<char [20]>*
In file included from /home/syoch093194/Documents/PlatformIO/Projects/NW-W/main/src/libs/nvs_proxy.hpp:1,
                 from /home/syoch093194/Documents/PlatformIO/Projects/NW-W/main/src/config.hpp:11,
                 from /home/syoch093194/Documents/PlatformIO/Projects/NW-W/main/src/config.cpp:1:
/home/syoch093194/.platformio/packages/framework-espidf/components/nvs_flash/include/nvs.h:456:68: note:   initializing argument 3 of 'esp_err_t nvs_get_str(nvs_handle_t, const char*, char*, size_t*)'
  456 | esp_err_t nvs_get_str (nvs_handle_t handle, const char* key, char* out_value, size_t* length);
      |                                                              ~~~~~~^~~~~~~~~
/home/syoch093194/Documents/PlatformIO/Projects/NW-W/main/src/config.cpp:18:43: error: cannot convert 'nvs::Proxy<char [20]>*' to 'char*'
   18 |   nvs_get_str(handle, "password", profile.password, NULL);
      |                                   ~~~~~~~~^~~~~~~~
      |                                           |
      |                                           nvs::Proxy<char [20]>*
In file included from /home/syoch093194/Documents/PlatformIO/Projects/NW-W/main/src/libs/nvs_proxy.hpp:1,
                 from /home/syoch093194/Documents/PlatformIO/Projects/NW-W/main/src/config.hpp:11,
                 from /home/syoch093194/Documents/PlatformIO/Projects/NW-W/main/src/config.cpp:1:
/home/syoch093194/.platformio/packages/framework-espidf/components/nvs_flash/include/nvs.h:456:68: note:   initializing argument 3 of 'esp_err_t nvs_get_str(nvs_handle_t, const char*, char*, size_t*)'
  456 | esp_err_t nvs_get_str (nvs_handle_t handle, const char* key, char* out_value, size_t* length);
      |                                                              ~~~~~~^~~~~~~~~
/home/syoch093194/Documents/PlatformIO/Projects/NW-W/main/src/config.cpp:19:43: error: cannot convert 'nvs::Proxy<char [20]>*' to 'char*'
   19 |   nvs_get_str(handle, "hostname", profile.hostname, NULL);
      |                                   ~~~~~~~~^~~~~~~~
      |                                           |
      |                                           nvs::Proxy<char [20]>*
In file included from /home/syoch093194/Documents/PlatformIO/Projects/NW-W/main/src/libs/nvs_proxy.hpp:1,
                 from /home/syoch093194/Documents/PlatformIO/Projects/NW-W/main/src/config.hpp:11,
                 from /home/syoch093194/Documents/PlatformIO/Projects/NW-W/main/src/config.cpp:1:
/home/syoch093194/.platformio/packages/framework-espidf/components/nvs_flash/include/nvs.h:456:68: note:   initializing argument 3 of 'esp_err_t nvs_get_str(nvs_handle_t, const char*, char*, size_t*)'
  456 | esp_err_t nvs_get_str (nvs_handle_t handle, const char* key, char* out_value, size_t* length);
      |                                                              ~~~~~~^~~~~~~~~
/home/syoch093194/Documents/PlatformIO/Projects/NW-W/main/src/config.cpp:20:41: error: 'class nvs::Proxy<types::Ipv4>' has no member named 'ip'
   20 |   nvs_get_u32(handle, "ip", &profile.ip.ip);
      |                                         ^~
/home/syoch093194/Documents/PlatformIO/Projects/NW-W/main/src/config.cpp:21:49: error: 'class nvs::Proxy<types::Ipv4>' has no member named 'ip'
   21 |   nvs_get_u32(handle, "subnet", &profile.subnet.ip);
      |                                                 ^~
/home/syoch093194/Documents/PlatformIO/Projects/NW-W/main/src/config.cpp:22:51: error: 'class nvs::Proxy<types::Ipv4>' has no member named 'ip'
   22 |   nvs_get_u32(handle, "gateway", &profile.gateway.ip);
      |                                                   ^~
/home/syoch093194/Documents/PlatformIO/Projects/NW-W/main/src/config.cpp:23:43: error: 'class nvs::Proxy<types::Ipv4>' has no member named 'ip'
   23 |   nvs_get_u32(handle, "dns", &profile.dns.ip);
      |                                           ^~
/home/syoch093194/Documents/PlatformIO/Projects/NW-W/main/src/config.cpp: In static member function 'static void config::ServerProfile::Load(config::ServerProfile&)':
/home/syoch093194/Documents/PlatformIO/Projects/NW-W/main/src/config.cpp:32:41: error: 'class nvs::Proxy<types::Ipv4>' has no member named 'ip'
   32 |   nvs_get_u32(handle, "ip", &profile.ip.ip);
      |                                         ^~
/home/syoch093194/Documents/PlatformIO/Projects/NW-W/main/src/config.cpp: At global scope:
/home/syoch093194/Documents/PlatformIO/Projects/NW-W/main/src/config.cpp:80:22: error: 'STMBootLoader config::loader()' redeclared as different kind of entity
   80 | STMBootLoader loader();
      |                      ^
In file included from /home/syoch093194/Documents/PlatformIO/Projects/NW-W/main/src/config.cpp:1:
/home/syoch093194/Documents/PlatformIO/Projects/NW-W/main/src/config.hpp:145:22: note: previous declaration 'STMBootLoader config::loader'
  145 | extern STMBootLoader loader;
      |                      ^~~~~~
[8/14] Building CXX object esp-idf/main/CMakeFiles/__idf_main.dir/src/server.cpp.obj
FAILED: esp-idf/main/CMakeFiles/__idf_main.dir/src/server.cpp.obj 
/home/syoch093194/.espressif/tools/xtensa-esp32-elf/esp-2022r1-11.2.0/xtensa-esp32-elf/bin/xtensa-esp32-elf-g++ -DSOC_MMU_PAGE_SIZE=CONFIG_MMU_PAGE_SIZE -I/home/syoch093194/Documents/PlatformIO/Projects/NW-W/build/config -I/home/syoch093194/Documents/PlatformIO/Projects/NW-W/main/include -I/home/syoch093194/.platformio/packages/framework-espidf/components/newlib/platform_include -I/home/syoch093194/.platformio/packages/framework-espidf/components/freertos/FreeRTOS-Kernel/include -I/home/syoch093194/.platformio/packages/framework-espidf/components/freertos/esp_additions/include/freertos -I/home/syoch093194/.platformio/packages/framework-espidf/components/freertos/FreeRTOS-Kernel/portable/xtensa/include -I/home/syoch093194/.platformio/packages/framework-espidf/components/freertos/esp_additions/include -I/home/syoch093194/.platformio/packages/framework-espidf/components/esp_hw_support/include -I/home/syoch093194/.platformio/packages/framework-espidf/components/esp_hw_support/include/soc -I/home/syoch093194/.platformio/packages/framework-espidf/components/esp_hw_support/include/soc/esp32 -I/home/syoch093194/.platformio/packages/framework-espidf/components/esp_hw_support/port/esp32/. -I/home/syoch093194/.platformio/packages/framework-espidf/components/esp_hw_support/port/esp32/private_include -I/home/syoch093194/.platformio/packages/framework-espidf/components/heap/include -I/home/syoch093194/.platformio/packages/framework-espidf/components/log/include -I/home/syoch093194/.platformio/packages/framework-espidf/components/soc/include -I/home/syoch093194/.platformio/packages/framework-espidf/components/soc/esp32/. -I/home/syoch093194/.platformio/packages/framework-espidf/components/soc/esp32/include -I/home/syoch093194/.platformio/packages/framework-espidf/components/hal/esp32/include -I/home/syoch093194/.platformio/packages/framework-espidf/components/hal/include -I/home/syoch093194/.platformio/packages/framework-espidf/components/hal/platform_port/include -I/home/syoch093194/.platformio/packages/framework-espidf/components/esp_rom/include -I/home/syoch093194/.platformio/packages/framework-espidf/components/esp_rom/include/esp32 -I/home/syoch093194/.platformio/packages/framework-espidf/components/esp_rom/esp32 -I/home/syoch093194/.platformio/packages/framework-espidf/components/esp_common/include -I/home/syoch093194/.platformio/packages/framework-espidf/components/esp_system/include -I/home/syoch093194/.platformio/packages/framework-espidf/components/esp_system/port/soc -I/home/syoch093194/.platformio/packages/framework-espidf/components/esp_system/port/include/private -I/home/syoch093194/.platformio/packages/framework-espidf/components/xtensa/include -I/home/syoch093194/.platformio/packages/framework-espidf/components/xtensa/esp32/include -I/home/syoch093194/.platformio/packages/framework-espidf/components/lwip/include -I/home/syoch093194/.platformio/packages/framework-espidf/components/lwip/include/apps -I/home/syoch093194/.platformio/packages/framework-espidf/components/lwip/include/apps/sntp -I/home/syoch093194/.platformio/packages/framework-espidf/components/lwip/lwip/src/include -I/home/syoch093194/.platformio/packages/framework-espidf/components/lwip/port/esp32/include -I/home/syoch093194/.platformio/packages/framework-espidf/components/lwip/port/esp32/include/arch -I/home/syoch093194/Documents/PlatformIO/Projects/NW-W/components/mdns/include -I/home/syoch093194/.platformio/packages/framework-espidf/components/console -I/home/syoch093194/.platformio/packages/framework-espidf/components/vfs/include -I/home/syoch093194/.platformio/packages/framework-espidf/components/esp_netif/include -I/home/syoch093194/.platformio/packages/framework-espidf/components/esp_event/include -I/home/syoch093194/.platformio/packages/framework-espidf/components/esp_wifi/include -I/home/syoch093194/.platformio/packages/framework-espidf/components/esp_phy/include -I/home/syoch093194/.platformio/packages/framework-espidf/components/esp_phy/esp32/include -I/home/syoch093194/.platformio/packages/framework-espidf/components/driver/include -I/home/syoch093194/.platformio/packages/framework-espidf/components/driver/deprecated -I/home/syoch093194/.platformio/packages/framework-espidf/components/driver/esp32/include -I/home/syoch093194/.platformio/packages/framework-espidf/components/esp_pm/include -I/home/syoch093194/.platformio/packages/framework-espidf/components/esp_ringbuf/include -I/home/syoch093194/.platformio/packages/framework-espidf/components/nvs_flash/include -I/home/syoch093194/.platformio/packages/framework-espidf/components/esp_partition/include -I/home/syoch093194/Documents/PlatformIO/Projects/NW-W/components/result/include -mlongcalls -Wno-frame-address  -fdiagnostics-color=always -ffunction-sections -fdata-sections -Wall -Werror=all -Wno-error=unused-function -Wno-error=unused-variable -Wno-error=deprecated-declarations -Wextra -Wno-unused-parameter -Wno-sign-compare -Wno-enum-conversion -gdwarf-4 -ggdb -Og -fmacro-prefix-map=/home/syoch093194/Documents/PlatformIO/Projects/NW-W=. -fmacro-prefix-map=/home/syoch093194/.platformio/packages/framework-espidf=/IDF -fstrict-volatile-bitfields -Wno-error=unused-but-set-variable -fno-jump-tables -fno-tree-switch-conversion -DconfigENABLE_FREERTOS_DEBUG_OCDAWARE=1 -std=gnu++20 -fno-exceptions -fno-rtti -D_GNU_SOURCE -DIDF_VER=\"5.0.2\" -DESP_PLATFORM -D_POSIX_READER_WRITER_LOCKS -MD -MT esp-idf/main/CMakeFiles/__idf_main.dir/src/server.cpp.obj -MF esp-idf/main/CMakeFiles/__idf_main.dir/src/server.cpp.obj.d -o esp-idf/main/CMakeFiles/__idf_main.dir/src/server.cpp.obj -c /home/syoch093194/Documents/PlatformIO/Projects/NW-W/main/src/server.cpp
In file included from /home/syoch093194/Documents/PlatformIO/Projects/NW-W/main/src/server.cpp:8:
/home/syoch093194/Documents/PlatformIO/Projects/NW-W/main/src/config.hpp: In static member function 'static config::Config* config::Config::GetInstance()':
/home/syoch093194/Documents/PlatformIO/Projects/NW-W/main/src/config.hpp:138:29: error: use of deleted function 'config::Config::Config()'
  138 |       instance = new Config();
      |                             ^
/home/syoch093194/Documents/PlatformIO/Projects/NW-W/main/src/config.hpp:97:7: note: 'config::Config::Config()' is implicitly deleted because the default definition would be ill-formed:
   97 | class Config {
      |       ^~~~~~
/home/syoch093194/Documents/PlatformIO/Projects/NW-W/main/src/config.hpp:97:7: error: use of deleted function 'config::NetworkProfile::NetworkProfile()'
/home/syoch093194/Documents/PlatformIO/Projects/NW-W/main/src/config.hpp:41:7: note: 'config::NetworkProfile::NetworkProfile()' is implicitly deleted because the default definition would be ill-formed:
   41 | class NetworkProfile {
      |       ^~~~~~~~~~~~~~
/home/syoch093194/Documents/PlatformIO/Projects/NW-W/main/src/config.hpp:41:7: error: use of deleted function 'nvs::Proxy<char [20]>::Proxy()'
In file included from /home/syoch093194/Documents/PlatformIO/Projects/NW-W/main/src/config.hpp:11,
                 from /home/syoch093194/Documents/PlatformIO/Projects/NW-W/main/src/server.cpp:8:
/home/syoch093194/Documents/PlatformIO/Projects/NW-W/main/src/libs/nvs_proxy.hpp:96:7: note: 'nvs::Proxy<char [20]>::Proxy()' is implicitly deleted because the default definition would be ill-formed:
   96 | class Proxy<char[N]> : public _Proxy {
      |       ^~~~~~~~~~~~~~
/home/syoch093194/Documents/PlatformIO/Projects/NW-W/main/src/libs/nvs_proxy.hpp:96:7: error: no matching function for call to 'nvs::_Proxy::_Proxy()'
/home/syoch093194/Documents/PlatformIO/Projects/NW-W/main/src/libs/nvs_proxy.hpp:36:3: note: candidate: 'nvs::_Proxy::_Proxy(nvs::Namespace&, const char*)'
   36 |   _Proxy(nvs::Namespace& ns_handle, const char* key)
      |   ^~~~~~
/home/syoch093194/Documents/PlatformIO/Projects/NW-W/main/src/libs/nvs_proxy.hpp:36:3: note:   candidate expects 2 arguments, 0 provided
/home/syoch093194/Documents/PlatformIO/Projects/NW-W/main/src/libs/nvs_proxy.hpp:29:7: note: candidate: 'nvs::_Proxy::_Proxy(const nvs::_Proxy&)'
   29 | class _Proxy {
      |       ^~~~~~
/home/syoch093194/Documents/PlatformIO/Projects/NW-W/main/src/libs/nvs_proxy.hpp:29:7: note:   candidate expects 1 argument, 0 provided
In file included from /home/syoch093194/Documents/PlatformIO/Projects/NW-W/main/src/server.cpp:8:
/home/syoch093194/Documents/PlatformIO/Projects/NW-W/main/src/config.hpp:41:7: error: use of deleted function 'nvs::Proxy<char [20]>::Proxy()'
   41 | class NetworkProfile {
      |       ^~~~~~~~~~~~~~
/home/syoch093194/Documents/PlatformIO/Projects/NW-W/main/src/config.hpp:41:7: error: use of deleted function 'nvs::Proxy<char [20]>::Proxy()'
/home/syoch093194/Documents/PlatformIO/Projects/NW-W/main/src/config.hpp:41:7: error: use of deleted function 'nvs::Proxy<char [20]>::Proxy()'
/home/syoch093194/Documents/PlatformIO/Projects/NW-W/main/src/config.hpp:41:7: error: use of deleted function 'nvs::Proxy<types::Ipv4>::Proxy()'
/home/syoch093194/Documents/PlatformIO/Projects/NW-W/main/src/config.hpp:22:7: note: 'nvs::Proxy<types::Ipv4>::Proxy()' is implicitly deleted because the default definition would be ill-formed:
   22 | class Proxy<types::Ipv4> : public _Proxy {
      |       ^~~~~~~~~~~~~~~~~~
/home/syoch093194/Documents/PlatformIO/Projects/NW-W/main/src/config.hpp:22:7: error: no matching function for call to 'nvs::_Proxy::_Proxy()'
In file included from /home/syoch093194/Documents/PlatformIO/Projects/NW-W/main/src/config.hpp:11,
                 from /home/syoch093194/Documents/PlatformIO/Projects/NW-W/main/src/server.cpp:8:
/home/syoch093194/Documents/PlatformIO/Projects/NW-W/main/src/libs/nvs_proxy.hpp:36:3: note: candidate: 'nvs::_Proxy::_Proxy(nvs::Namespace&, const char*)'
   36 |   _Proxy(nvs::Namespace& ns_handle, const char* key)
      |   ^~~~~~
/home/syoch093194/Documents/PlatformIO/Projects/NW-W/main/src/libs/nvs_proxy.hpp:36:3: note:   candidate expects 2 arguments, 0 provided
/home/syoch093194/Documents/PlatformIO/Projects/NW-W/main/src/libs/nvs_proxy.hpp:29:7: note: candidate: 'nvs::_Proxy::_Proxy(const nvs::_Proxy&)'
   29 | class _Proxy {
      |       ^~~~~~
/home/syoch093194/Documents/PlatformIO/Projects/NW-W/main/src/libs/nvs_proxy.hpp:29:7: note:   candidate expects 1 argument, 0 provided
In file included from /home/syoch093194/Documents/PlatformIO/Projects/NW-W/main/src/server.cpp:8:
/home/syoch093194/Documents/PlatformIO/Projects/NW-W/main/src/config.hpp:41:7: error: use of deleted function 'nvs::Proxy<types::Ipv4>::Proxy()'
   41 | class NetworkProfile {
      |       ^~~~~~~~~~~~~~
/home/syoch093194/Documents/PlatformIO/Projects/NW-W/main/src/config.hpp:41:7: error: use of deleted function 'nvs::Proxy<types::Ipv4>::Proxy()'
/home/syoch093194/Documents/PlatformIO/Projects/NW-W/main/src/config.hpp:41:7: error: use of deleted function 'nvs::Proxy<types::Ipv4>::Proxy()'
/home/syoch093194/Documents/PlatformIO/Projects/NW-W/main/src/config.hpp:97:7: error: use of deleted function 'config::ServerProfile::ServerProfile()'
   97 | class Config {
      |       ^~~~~~
/home/syoch093194/Documents/PlatformIO/Projects/NW-W/main/src/config.hpp:66:7: note: 'config::ServerProfile::ServerProfile()' is implicitly deleted because the default definition would be ill-formed:
   66 | class ServerProfile {
      |       ^~~~~~~~~~~~~
/home/syoch093194/Documents/PlatformIO/Projects/NW-W/main/src/config.hpp:66:7: error: use of deleted function 'nvs::Proxy<types::Ipv4>::Proxy()'
/home/syoch093194/Documents/PlatformIO/Projects/NW-W/main/src/server.cpp: In function 'void {anonymous}::ClientHandlerWrapper({anonymous}::ClientHandler*)':
/home/syoch093194/Documents/PlatformIO/Projects/NW-W/main/src/server.cpp:333:10: warning: unused variable 'raw_error' [-Wunused-variable]
  333 |     auto raw_error = ret.Error().GetRawError().get();
      |          ^~~~~~~~~
[9/14] Building CXX object esp-idf/main/CMakeFiles/__idf_main.dir/src/main.cpp.obj
FAILED: esp-idf/main/CMakeFiles/__idf_main.dir/src/main.cpp.obj 
/home/syoch093194/.espressif/tools/xtensa-esp32-elf/esp-2022r1-11.2.0/xtensa-esp32-elf/bin/xtensa-esp32-elf-g++ -DSOC_MMU_PAGE_SIZE=CONFIG_MMU_PAGE_SIZE -I/home/syoch093194/Documents/PlatformIO/Projects/NW-W/build/config -I/home/syoch093194/Documents/PlatformIO/Projects/NW-W/main/include -I/home/syoch093194/.platformio/packages/framework-espidf/components/newlib/platform_include -I/home/syoch093194/.platformio/packages/framework-espidf/components/freertos/FreeRTOS-Kernel/include -I/home/syoch093194/.platformio/packages/framework-espidf/components/freertos/esp_additions/include/freertos -I/home/syoch093194/.platformio/packages/framework-espidf/components/freertos/FreeRTOS-Kernel/portable/xtensa/include -I/home/syoch093194/.platformio/packages/framework-espidf/components/freertos/esp_additions/include -I/home/syoch093194/.platformio/packages/framework-espidf/components/esp_hw_support/include -I/home/syoch093194/.platformio/packages/framework-espidf/components/esp_hw_support/include/soc -I/home/syoch093194/.platformio/packages/framework-espidf/components/esp_hw_support/include/soc/esp32 -I/home/syoch093194/.platformio/packages/framework-espidf/components/esp_hw_support/port/esp32/. -I/home/syoch093194/.platformio/packages/framework-espidf/components/esp_hw_support/port/esp32/private_include -I/home/syoch093194/.platformio/packages/framework-espidf/components/heap/include -I/home/syoch093194/.platformio/packages/framework-espidf/components/log/include -I/home/syoch093194/.platformio/packages/framework-espidf/components/soc/include -I/home/syoch093194/.platformio/packages/framework-espidf/components/soc/esp32/. -I/home/syoch093194/.platformio/packages/framework-espidf/components/soc/esp32/include -I/home/syoch093194/.platformio/packages/framework-espidf/components/hal/esp32/include -I/home/syoch093194/.platformio/packages/framework-espidf/components/hal/include -I/home/syoch093194/.platformio/packages/framework-espidf/components/hal/platform_port/include -I/home/syoch093194/.platformio/packages/framework-espidf/components/esp_rom/include -I/home/syoch093194/.platformio/packages/framework-espidf/components/esp_rom/include/esp32 -I/home/syoch093194/.platformio/packages/framework-espidf/components/esp_rom/esp32 -I/home/syoch093194/.platformio/packages/framework-espidf/components/esp_common/include -I/home/syoch093194/.platformio/packages/framework-espidf/components/esp_system/include -I/home/syoch093194/.platformio/packages/framework-espidf/components/esp_system/port/soc -I/home/syoch093194/.platformio/packages/framework-espidf/components/esp_system/port/include/private -I/home/syoch093194/.platformio/packages/framework-espidf/components/xtensa/include -I/home/syoch093194/.platformio/packages/framework-espidf/components/xtensa/esp32/include -I/home/syoch093194/.platformio/packages/framework-espidf/components/lwip/include -I/home/syoch093194/.platformio/packages/framework-espidf/components/lwip/include/apps -I/home/syoch093194/.platformio/packages/framework-espidf/components/lwip/include/apps/sntp -I/home/syoch093194/.platformio/packages/framework-espidf/components/lwip/lwip/src/include -I/home/syoch093194/.platformio/packages/framework-espidf/components/lwip/port/esp32/include -I/home/syoch093194/.platformio/packages/framework-espidf/components/lwip/port/esp32/include/arch -I/home/syoch093194/Documents/PlatformIO/Projects/NW-W/components/mdns/include -I/home/syoch093194/.platformio/packages/framework-espidf/components/console -I/home/syoch093194/.platformio/packages/framework-espidf/components/vfs/include -I/home/syoch093194/.platformio/packages/framework-espidf/components/esp_netif/include -I/home/syoch093194/.platformio/packages/framework-espidf/components/esp_event/include -I/home/syoch093194/.platformio/packages/framework-espidf/components/esp_wifi/include -I/home/syoch093194/.platformio/packages/framework-espidf/components/esp_phy/include -I/home/syoch093194/.platformio/packages/framework-espidf/components/esp_phy/esp32/include -I/home/syoch093194/.platformio/packages/framework-espidf/components/driver/include -I/home/syoch093194/.platformio/packages/framework-espidf/components/driver/deprecated -I/home/syoch093194/.platformio/packages/framework-espidf/components/driver/esp32/include -I/home/syoch093194/.platformio/packages/framework-espidf/components/esp_pm/include -I/home/syoch093194/.platformio/packages/framework-espidf/components/esp_ringbuf/include -I/home/syoch093194/.platformio/packages/framework-espidf/components/nvs_flash/include -I/home/syoch093194/.platformio/packages/framework-espidf/components/esp_partition/include -I/home/syoch093194/Documents/PlatformIO/Projects/NW-W/components/result/include -mlongcalls -Wno-frame-address  -fdiagnostics-color=always -ffunction-sections -fdata-sections -Wall -Werror=all -Wno-error=unused-function -Wno-error=unused-variable -Wno-error=deprecated-declarations -Wextra -Wno-unused-parameter -Wno-sign-compare -Wno-enum-conversion -gdwarf-4 -ggdb -Og -fmacro-prefix-map=/home/syoch093194/Documents/PlatformIO/Projects/NW-W=. -fmacro-prefix-map=/home/syoch093194/.platformio/packages/framework-espidf=/IDF -fstrict-volatile-bitfields -Wno-error=unused-but-set-variable -fno-jump-tables -fno-tree-switch-conversion -DconfigENABLE_FREERTOS_DEBUG_OCDAWARE=1 -std=gnu++20 -fno-exceptions -fno-rtti -D_GNU_SOURCE -DIDF_VER=\"5.0.2\" -DESP_PLATFORM -D_POSIX_READER_WRITER_LOCKS -MD -MT esp-idf/main/CMakeFiles/__idf_main.dir/src/main.cpp.obj -MF esp-idf/main/CMakeFiles/__idf_main.dir/src/main.cpp.obj.d -o esp-idf/main/CMakeFiles/__idf_main.dir/src/main.cpp.obj -c /home/syoch093194/Documents/PlatformIO/Projects/NW-W/main/src/main.cpp
In file included from /home/syoch093194/Documents/PlatformIO/Projects/NW-W/main/src/main.cpp:3:
/home/syoch093194/Documents/PlatformIO/Projects/NW-W/main/src/./config.hpp: In static member function 'static config::Config* config::Config::GetInstance()':
/home/syoch093194/Documents/PlatformIO/Projects/NW-W/main/src/./config.hpp:138:29: error: use of deleted function 'config::Config::Config()'
  138 |       instance = new Config();
      |                             ^
/home/syoch093194/Documents/PlatformIO/Projects/NW-W/main/src/./config.hpp:97:7: note: 'config::Config::Config()' is implicitly deleted because the default definition would be ill-formed:
   97 | class Config {
      |       ^~~~~~
/home/syoch093194/Documents/PlatformIO/Projects/NW-W/main/src/./config.hpp:97:7: error: use of deleted function 'config::NetworkProfile::NetworkProfile()'
/home/syoch093194/Documents/PlatformIO/Projects/NW-W/main/src/./config.hpp:41:7: note: 'config::NetworkProfile::NetworkProfile()' is implicitly deleted because the default definition would be ill-formed:
   41 | class NetworkProfile {
      |       ^~~~~~~~~~~~~~
/home/syoch093194/Documents/PlatformIO/Projects/NW-W/main/src/./config.hpp:41:7: error: use of deleted function 'nvs::Proxy<char [20]>::Proxy()'
In file included from /home/syoch093194/Documents/PlatformIO/Projects/NW-W/main/src/./config.hpp:11,
                 from /home/syoch093194/Documents/PlatformIO/Projects/NW-W/main/src/main.cpp:3:
/home/syoch093194/Documents/PlatformIO/Projects/NW-W/main/src/./libs/nvs_proxy.hpp:96:7: note: 'nvs::Proxy<char [20]>::Proxy()' is implicitly deleted because the default definition would be ill-formed:
   96 | class Proxy<char[N]> : public _Proxy {
      |       ^~~~~~~~~~~~~~
/home/syoch093194/Documents/PlatformIO/Projects/NW-W/main/src/./libs/nvs_proxy.hpp:96:7: error: no matching function for call to 'nvs::_Proxy::_Proxy()'
/home/syoch093194/Documents/PlatformIO/Projects/NW-W/main/src/./libs/nvs_proxy.hpp:36:3: note: candidate: 'nvs::_Proxy::_Proxy(nvs::Namespace&, const char*)'
   36 |   _Proxy(nvs::Namespace& ns_handle, const char* key)
      |   ^~~~~~
/home/syoch093194/Documents/PlatformIO/Projects/NW-W/main/src/./libs/nvs_proxy.hpp:36:3: note:   candidate expects 2 arguments, 0 provided
/home/syoch093194/Documents/PlatformIO/Projects/NW-W/main/src/./libs/nvs_proxy.hpp:29:7: note: candidate: 'nvs::_Proxy::_Proxy(const nvs::_Proxy&)'
   29 | class _Proxy {
      |       ^~~~~~
/home/syoch093194/Documents/PlatformIO/Projects/NW-W/main/src/./libs/nvs_proxy.hpp:29:7: note:   candidate expects 1 argument, 0 provided
In file included from /home/syoch093194/Documents/PlatformIO/Projects/NW-W/main/src/main.cpp:3:
/home/syoch093194/Documents/PlatformIO/Projects/NW-W/main/src/./config.hpp:41:7: error: use of deleted function 'nvs::Proxy<char [20]>::Proxy()'
   41 | class NetworkProfile {
      |       ^~~~~~~~~~~~~~
/home/syoch093194/Documents/PlatformIO/Projects/NW-W/main/src/./config.hpp:41:7: error: use of deleted function 'nvs::Proxy<char [20]>::Proxy()'
/home/syoch093194/Documents/PlatformIO/Projects/NW-W/main/src/./config.hpp:41:7: error: use of deleted function 'nvs::Proxy<char [20]>::Proxy()'
/home/syoch093194/Documents/PlatformIO/Projects/NW-W/main/src/./config.hpp:41:7: error: use of deleted function 'nvs::Proxy<types::Ipv4>::Proxy()'
/home/syoch093194/Documents/PlatformIO/Projects/NW-W/main/src/./config.hpp:22:7: note: 'nvs::Proxy<types::Ipv4>::Proxy()' is implicitly deleted because the default definition would be ill-formed:
   22 | class Proxy<types::Ipv4> : public _Proxy {
      |       ^~~~~~~~~~~~~~~~~~
/home/syoch093194/Documents/PlatformIO/Projects/NW-W/main/src/./config.hpp:22:7: error: no matching function for call to 'nvs::_Proxy::_Proxy()'
In file included from /home/syoch093194/Documents/PlatformIO/Projects/NW-W/main/src/./config.hpp:11,
                 from /home/syoch093194/Documents/PlatformIO/Projects/NW-W/main/src/main.cpp:3:
/home/syoch093194/Documents/PlatformIO/Projects/NW-W/main/src/./libs/nvs_proxy.hpp:36:3: note: candidate: 'nvs::_Proxy::_Proxy(nvs::Namespace&, const char*)'
   36 |   _Proxy(nvs::Namespace& ns_handle, const char* key)
      |   ^~~~~~
/home/syoch093194/Documents/PlatformIO/Projects/NW-W/main/src/./libs/nvs_proxy.hpp:36:3: note:   candidate expects 2 arguments, 0 provided
/home/syoch093194/Documents/PlatformIO/Projects/NW-W/main/src/./libs/nvs_proxy.hpp:29:7: note: candidate: 'nvs::_Proxy::_Proxy(const nvs::_Proxy&)'
   29 | class _Proxy {
      |       ^~~~~~
/home/syoch093194/Documents/PlatformIO/Projects/NW-W/main/src/./libs/nvs_proxy.hpp:29:7: note:   candidate expects 1 argument, 0 provided
In file included from /home/syoch093194/Documents/PlatformIO/Projects/NW-W/main/src/main.cpp:3:
/home/syoch093194/Documents/PlatformIO/Projects/NW-W/main/src/./config.hpp:41:7: error: use of deleted function 'nvs::Proxy<types::Ipv4>::Proxy()'
   41 | class NetworkProfile {
      |       ^~~~~~~~~~~~~~
/home/syoch093194/Documents/PlatformIO/Projects/NW-W/main/src/./config.hpp:41:7: error: use of deleted function 'nvs::Proxy<types::Ipv4>::Proxy()'
/home/syoch093194/Documents/PlatformIO/Projects/NW-W/main/src/./config.hpp:41:7: error: use of deleted function 'nvs::Proxy<types::Ipv4>::Proxy()'
/home/syoch093194/Documents/PlatformIO/Projects/NW-W/main/src/./config.hpp:97:7: error: use of deleted function 'config::ServerProfile::ServerProfile()'
   97 | class Config {
      |       ^~~~~~
/home/syoch093194/Documents/PlatformIO/Projects/NW-W/main/src/./config.hpp:66:7: note: 'config::ServerProfile::ServerProfile()' is implicitly deleted because the default definition would be ill-formed:
   66 | class ServerProfile {
      |       ^~~~~~~~~~~~~
/home/syoch093194/Documents/PlatformIO/Projects/NW-W/main/src/./config.hpp:66:7: error: use of deleted function 'nvs::Proxy<types::Ipv4>::Proxy()'
ninja: build stopped: subcommand failed.
